Build started 27/01/2018 13:43:12.
     1>Project "C:\Users\ailto\Documents\Visual Studio 2010\Projects\eXait_CodeCacheDetectionByCode\CodeCacheDetectionByCode\CodeCacheDetectionByCode.vcxproj" on node 2 (build target(s)).
     1>InitializeBuildStatus:
         Creating "Debug\eXait_CodeCacheDetectionByCode.unsuccessfulbuild" because "AlwaysCreate" was specified.
       ClCompile:
         All outputs are up-to-date.
       ManifestResourceCompile:
         All outputs are up-to-date.
       Link:
         C:\Program Files (x86)\Microsoft Visual Studio 10.0\VC\bin\link.exe /ERRORREPORT:PROMPT /OUT:"C:\Users\ailto\Documents\Visual Studio 2010\Projects\eXait_CodeCacheDetectionByCode\Debug\eXait_CodeCacheDetectionByCode.dll" /INCREMENTAL /NOLOGO kernel32.lib user32.lib gdi32.lib winspool.lib comdlg32.lib advapi32.lib shell32.lib ole32.lib oleaut32.lib uuid.lib odbc32.lib odbccp32.lib /MANIFEST /ManifestFile:"Debug\eXait_CodeCacheDetectionByCode.dll.intermediate.manifest" /MANIFESTUAC:"level='asInvoker' uiAccess='false'" /DEBUG /PDB:"C:\Users\ailto\Documents\Visual Studio 2010\Projects\eXait_CodeCacheDetectionByCode\Debug\eXait_CodeCacheDetectionByCode.pdb" /SUBSYSTEM:CONSOLE /TLBID:1 /DYNAMICBASE /NXCOMPAT /IMPLIB:"C:\Users\ailto\Documents\Visual Studio 2010\Projects\eXait_CodeCacheDetectionByCode\Debug\eXait_CodeCacheDetectionByCode.lib" /MACHINE:X86 /DLL Debug\eXait_CodeCacheDetectionByCode.dll.embed.manifest.res
         Debug\eXait_CodeCacheDetectionByCode.obj
         Debug\MemUpdateMapInformations.obj
            Creating library C:\Users\ailto\Documents\Visual Studio 2010\Projects\eXait_CodeCacheDetectionByCode\Debug\eXait_CodeCacheDetectionByCode.lib and object C:\Users\ailto\Documents\Visual Studio 2010\Projects\eXait_CodeCacheDetectionByCode\Debug\eXait_CodeCacheDetectionByCode.exp
       Manifest:
         C:\Program Files (x86)\Microsoft SDKs\Windows\v7.0A\bin\mt.exe /nologo /verbose /out:"Debug\eXait_CodeCacheDetectionByCode.dll.embed.manifest" /manifest Debug\eXait_CodeCacheDetectionByCode.dll.intermediate.manifest
         All outputs are up-to-date.
       LinkEmbedManifest:
         All outputs are up-to-date.
         CodeCacheDetectionByCode.vcxproj -> C:\Users\ailto\Documents\Visual Studio 2010\Projects\eXait_CodeCacheDetectionByCode\Debug\eXait_CodeCacheDetectionByCode.dll
       FinalizeBuildStatus:
         Deleting file "Debug\eXait_CodeCacheDetectionByCode.unsuccessfulbuild".
         Touching "Debug\eXait_CodeCacheDetectionByCode.lastbuildstate".
     1>Done Building Project "C:\Users\ailto\Documents\Visual Studio 2010\Projects\eXait_CodeCacheDetectionByCode\CodeCacheDetectionByCode\CodeCacheDetectionByCode.vcxproj" (build target(s)).

Build succeeded.

Time Elapsed 00:00:00.73
